<?xml version="1.0" encoding="UTF-8"?>
<!-- Generated by org.testng.reporters.JUnitReportReporter -->
<testsuite hostname="USBLRVYOGASEKA1" failures="0" tests="3" name="tests.Test_HomePage" time="1.959" errors="0" timestamp="2021-09-03T13:38:08 IST" skipped="0">
  <testcase classname="tests.Test_HomePage" name="check_title" time="0.015"/>
  <system-out/>
  <testcase classname="tests.Test_HomePage" name="check_LeaveType_Items" time="1.842"/>
  <system-out/>
  <testcase classname="tests.Test_HomePage" name="check_notificacation_icon" time="0.102"/>
  <system-out/>
</testsuite> <!-- tests.Test_HomePage -->
