<?xml version="1.0" encoding="UTF-8"?>
<!-- Generated by org.testng.reporters.JUnitReportReporter -->
<testsuite hostname="USBLRVYOGASEKA1" failures="0" tests="2" name="tests.HomePage" time="4.866" errors="0" timestamp="2021-08-30T19:17:58 IST" skipped="0">
  <testcase classname="tests.HomePage" name="checklogin" time="4.843"/>
  <system-out/>
  <testcase classname="tests.HomePage" name="checktitle" time="0.023"/>
  <system-out/>
</testsuite> <!-- tests.HomePage -->
