<?xml version="1.0" encoding="UTF-8"?>
<!-- Generated by org.testng.reporters.JUnitReportReporter -->
<testsuite hostname="USBLRVYOGASEKA1" failures="0" tests="3" name="tests.Test_LoginPage" time="0.286" errors="0" timestamp="2021-08-31T18:53:27 IST" skipped="0">
  <testcase classname="tests.Test_LoginPage" name="check_Login_button" time="0.125"/>
  <system-out/>
  <testcase classname="tests.Test_LoginPage" name="check_login_field" time="0.094"/>
  <system-out/>
  <testcase classname="tests.Test_LoginPage" name="check_password_field" time="0.067"/>
  <system-out/>
</testsuite> <!-- tests.Test_LoginPage -->
