<?xml version="1.0" encoding="UTF-8"?>
<!-- Generated by org.testng.reporters.JUnitReportReporter -->
<testsuite ignored="0" hostname="USBLRVYOGASEKA1" failures="0" tests="3" name="tests.Test_HomePage" time="4.085" errors="0" timestamp="06 Sep 2021 07:22:14 GMT" skipped="0">
  <testcase classname="tests.Test_HomePage" name="check_notificacation_icon" time="0.495"/>
  <testcase classname="tests.Test_HomePage" name="check_LeaveType_Items" time="2.247"/>
  <testcase classname="tests.Test_HomePage" name="check_title" time="1.343"/>
</testsuite> <!-- tests.Test_HomePage -->
