<?xml version="1.0" encoding="UTF-8"?>
<!-- Generated by org.testng.reporters.JUnitReportReporter -->
<testsuite ignored="0" hostname="USBLRVYOGASEKA1" failures="0" tests="3" name="tests.Test_LoginPage" time="0.410" errors="0" timestamp="06 Sep 2021 07:22:14 GMT" skipped="0">
  <testcase classname="tests.Test_LoginPage" name="check_Login_button" time="0.161"/>
  <testcase classname="tests.Test_LoginPage" name="check_password_field" time="0.104"/>
  <testcase classname="tests.Test_LoginPage" name="check_login_field" time="0.145"/>
</testsuite> <!-- tests.Test_LoginPage -->
